#
# A fatal error has been detected by the Java Runtime Environment:
#
#  SIGSEGV (0xb) at pc=0x00007f7d867e30ad, pid=5063, tid=5078
#
# JRE version: OpenJDK Runtime Environment (11.0.11+9) (build 11.0.11+9-Ubuntu-0ubuntu2.20.04)
# Java VM: OpenJDK 64-Bit Server VM (11.0.11+9-Ubuntu-0ubuntu2.20.04, mixed mode, sharing, tiered, compressed oops, g1 gc, linux-amd64)
# Problematic frame:
# C  [libjimage.so+0x30ad]
#
# Core dump will be written. Default location: Core dumps may be processed with "/lib/systemd/systemd-coredump %P %u %g %s %t 9223372036854775808 %h" (or dumping to /home/pelodan/eclipse-workspace/geradorSenhaAleatória/core.5063)
#
# If you would like to submit a bug report, please visit:
#   https://bugs.launchpad.net/ubuntu/+source/openjdk-lts
#

---------------  S U M M A R Y ------------

Command Line: -agentlib:jdwp=transport=dt_socket,suspend=y,address=localhost:41257 -javaagent:/home/pelodan/eclipse/java-2021-09/eclipse/configuration/org.eclipse.osgi/217/0/.cp/lib/javaagent-shaded.jar -Dfile.encoding=UTF-8 --module-path=/home/pelodan/eclipse-workspace/geradorSenhaAleatória/bin -Djdk.module.main=geradorSenhaAleatória geradorSenhaAleatória/br.com.pelodan.senha.interfacegrafica.Main

Host: Intel(R) Core(TM) i3 CPU       M 330  @ 2.13GHz, 4 cores, 3G, Linux Mint 20.1 Ulyssa
Time: Thu Jan 13 16:41:03 2022 -03 elapsed time: 2088.807604 seconds (0d 0h 34m 48s)

---------------  T H R E A D  ---------------

Current thread (0x00007f7d8012c800):  JavaThread "Signal Dispatcher" daemon [_thread_in_vm, id=5078, stack(0x00007f7d5308c000,0x00007f7d5318d000)]

Stack: [0x00007f7d5308c000,0x00007f7d5318d000],  sp=0x00007f7d5318a1f0,  free space=1016k
Native frames: (J=compiled Java code, A=aot compiled Java code, j=interpreted, Vv=VM code, C=native code)
C  [libjimage.so+0x30ad]
C  [libjimage.so+0x3da2]
C  [libjimage.so+0x4291]  JIMAGE_FindResource+0xf1
V  [libjvm.so+0x5b0731]
V  [libjvm.so+0x5b2ee1]
V  [libjvm.so+0xdea23d]
V  [libjvm.so+0xde8dca]
V  [libjvm.so+0xdeb38b]
V  [libjvm.so+0x6624ce]
V  [libjvm.so+0x850e76]
j  jdk.internal.misc.Signal.dispatch(I)V+25 java.base@11.0.11
v  ~StubRoutines::call_stub
V  [libjvm.so+0x859b69]
V  [libjvm.so+0x858b82]
V  [libjvm.so+0xbc8b4e]
V  [libjvm.so+0xe2105f]
V  [libjvm.so+0xe1d690]
V  [libjvm.so+0xbdac76]

Java frames: (J=compiled Java code, j=interpreted, Vv=VM code)
j  jdk.internal.misc.Signal.dispatch(I)V+25 java.base@11.0.11
v  ~StubRoutines::call_stub

siginfo: si_signo: 11 (SIGSEGV), si_code: 1 (SEGV_MAPERR), si_addr: 0x00007f7d7787e8e0

Register to memory mapping:

RAX=0x0000000000001a31 is an unknown value
RBX=0x00007f7d5318a2a1 is pointing into the stack for thread: 0x00007f7d8012c800
RCX=0x00007f7d5318a2c3 is pointing into the stack for thread: 0x00007f7d8012c800
RDX=0x0000000000001a31 is an unknown value
RSP=0x00007f7d5318a1f0 is pointing into the stack for thread: 0x00007f7d8012c800
RBP=0x00007f7d5318a210 is pointing into the stack for thread: 0x00007f7d8012c800
RSI=0x0 is NULL
RDI=0x00007f7d867e8030: <offset 0x0000000000008030> in /usr/lib/jvm/java-11-openjdk-amd64/lib/libjimage.so at 0x00007f7d867e0000
R8 =0x00007f7d7787801c is an unknown value
R9 =0x00007f7d5318b0b0 is pointing into the stack for thread: 0x00007f7d8012c800
R10=0x00007f7d86241460: <offset 0x0000000000f45460> in /usr/lib/jvm/java-11-openjdk-amd64/lib/server/libjvm.so at 0x00007f7d852fc000
R11=0x00007f7d8679e210: <offset 0x00000000001b2210> in /lib/x86_64-linux-gnu/libc.so.6 at 0x00007f7d865ec000
R12=0x000000000000843b is an unknown value
R13=0x00007f7d5318a2a0 is pointing into the stack for thread: 0x00007f7d8012c800
R14=0x0 is NULL
R15=0x00007f7d8012d270 points into unknown readable memory: 0x65746e692f6b646a | 6a 64 6b 2f 69 6e 74 65


Registers:
RAX=0x0000000000001a31, RBX=0x00007f7d5318a2a1, RCX=0x00007f7d5318a2c3, RDX=0x0000000000001a31
RSP=0x00007f7d5318a1f0, RBP=0x00007f7d5318a210, RSI=0x0000000000000000, RDI=0x00007f7d867e8030
R8 =0x00007f7d7787801c, R9 =0x00007f7d5318b0b0, R10=0x00007f7d86241460, R11=0x00007f7d8679e210
R12=0x000000000000843b, R13=0x00007f7d5318a2a0, R14=0x0000000000000000, R15=0x00007f7d8012d270
RIP=0x00007f7d867e30ad, EFLAGS=0x0000000000010246, CSGSFS=0x002b000000000033, ERR=0x0000000000000004
  TRAPNO=0x000000000000000e

Top of Stack: (sp=0x00007f7d5318a1f0)
0x00007f7d5318a1f0:   0000000000000000 00007f7d5318b338
0x00007f7d5318a200:   00007f7d80009be0 00007f7d5318a2a0
0x00007f7d5318a210:   00007f7d5318a280 00007f7d867e3da2
0x00007f7d5318a220:   0000000000000000 0000000000000000 

Instructions: (pc=0x00007f7d867e30ad)
0x00007f7d867e2fad:   f3 ff ff 44 03 65 90 e9 3f fe ff ff 0f 1f 80 00
0x00007f7d867e2fbd:   00 00 00 41 8b 10 41 89 55 00 41 8b 54 00 fc 41
0x00007f7d867e2fcd:   89 54 05 fc e9 82 fc ff ff 66 2e 0f 1f 84 00 00
0x00007f7d867e2fdd:   00 00 00 b9 0a 00 00 00 e9 f0 fc ff ff 41 0f b7
0x00007f7d867e2fed:   54 00 fe 66 41 89 54 05 fe e9 5d fc ff ff 0f 1f
0x00007f7d867e2ffd:   44 00 00 f3 0f 1e fa 0f b6 17 89 f0 89 f1 4c 8d
0x00007f7d867e300d:   47 01 84 d2 74 1c 0f 1f 44 00 00 69 c9 93 01 00
0x00007f7d867e301d:   01 49 83 c0 01 31 d1 41 0f b6 50 ff 84 d2 75 eb
0x00007f7d867e302d:   89 c8 25 ff ff ff 7f c3 90 66 2e 0f 1f 84 00 00
0x00007f7d867e303d:   00 00 00 f3 0f 1e fa 48 85 d2 0f 84 da 00 00 00
0x00007f7d867e304d:   55 48 89 e5 41 55 41 54 41 89 cc 53 48 83 ec 08
0x00007f7d867e305d:   85 c9 0f 84 ba 00 00 00 49 89 f5 48 8d 5e 01 0f
0x00007f7d867e306d:   b6 36 49 89 d0 40 84 f6 0f 84 9d 00 00 00 48 89
0x00007f7d867e307d:   d9 b8 93 01 00 01 0f 1f 44 00 00 69 d0 93 01 00
0x00007f7d867e308d:   01 48 83 c1 01 40 0f b6 c6 0f b6 71 ff 31 d0 40
0x00007f7d867e309d:   84 f6 75 e7 25 ff ff ff 7f 31 d2 41 f7 f4 89 d0
0x00007f7d867e30ad:   41 8b 34 80 48 8b 07 ff 50 20 85 c0 7f 15 74 62
0x00007f7d867e30bd:   f7 d0 41 89 c0 48 83 c4 08 44 89 c0 5b 41 5c 41
0x00007f7d867e30cd:   5d 5d c3 41 0f b6 4d 00 89 c6 84 c9 74 1b 0f 1f
0x00007f7d867e30dd:   44 00 00 69 f6 93 01 00 01 48 83 c3 01 31 ce 0f
0x00007f7d867e30ed:   b6 4b ff 84 c9 75 ec 89 f0 25 ff ff ff 7f 31 d2
0x00007f7d867e30fd:   48 83 c4 08 41 f7 f4 5b 41 5c 41 5d 5d 41 89 d0
0x00007f7d867e310d:   44 89 c0 c3 0f 1f 80 00 00 00 00 b8 93 01 00 01
0x00007f7d867e311d:   eb 87 41 b8 ff ff ff ff eb 9b 41 83 c8 ff 44 89
0x00007f7d867e312d:   c0 c3 90 f3 0f 1e fa eb 1d 66 2e 0f 1f 84 00 00
0x00007f7d867e313d:   00 00 00 0f b6 16 84 d2 74 13 38 c2 75 15 48 83
0x00007f7d867e314d:   c7 01 48 83 c6 01 0f b6 07 84 c0 75 e6 48 89 f8
0x00007f7d867e315d:   c3 66 90 31 c0 c3 90 66 66 2e 0f 1f 84 00 00 00
0x00007f7d867e316d:   00 00 90 f3 0f 1e fa 48 85 f6 74 51 0f b6 06 84
0x00007f7d867e317d:   c0 74 4a 0f b6 d0 83 e0 07 c1 fa 03 44 8d 50 01
0x00007f7d867e318d:   0f b6 c0 41 89 d1 4c 8d 44 06 02 48 8d 56 01 31
0x00007f7d867e319d:   c0 66 90 0f b6 0a 48 c1 e0 08 48 83 c2 01 48 09 


Stack slot to memory mapping:
stack at sp + 0 slots: 0x0 is NULL
stack at sp + 1 slots: 0x00007f7d5318b338 is pointing into the stack for thread: 0x00007f7d8012c800
stack at sp + 2 slots: 0x00007f7d80009be0 points into unknown readable memory: 0x00007f7d20008500 | 00 85 00 20 7d 7f 00 00
stack at sp + 3 slots: 0x00007f7d5318a2a0 is pointing into the stack for thread: 0x00007f7d8012c800
stack at sp + 4 slots: 0x00007f7d5318a280 is pointing into the stack for thread: 0x00007f7d8012c800
stack at sp + 5 slots: 0x00007f7d867e3da2: <offset 0x0000000000003da2> in /usr/lib/jvm/java-11-openjdk-amd64/lib/libjimage.so at 0x00007f7d867e0000
stack at sp + 6 slots: 0x0 is NULL
stack at sp + 7 slots: 0x0 is NULL


---------------  P R O C E S S  ---------------

Threads class SMR info:
_java_thread_list=0x00007f7d18001da0, length=11, elements={
0x00007f7d80018000, 0x00007f7d80125000, 0x00007f7d80127000, 0x00007f7d8012c800,
0x00007f7d8012e800, 0x00007f7d80130800, 0x00007f7d80133000, 0x00007f7d80135000,
0x00007f7d8017c000, 0x00007f7d801d1000, 0x00007f7d801d5000
}

Java Threads: ( => current thread )
  0x00007f7d80018000 JavaThread "main" [_thread_blocked, id=5069, stack(0x00007f7d84eaf000,0x00007f7d84fb0000)]
  0x00007f7d80125000 JavaThread "Reference Handler" daemon [_thread_blocked, id=5076, stack(0x00007f7d600cd000,0x00007f7d601ce000)]
  0x00007f7d80127000 JavaThread "Finalizer" daemon [_thread_blocked, id=5077, stack(0x00007f7d536ff000,0x00007f7d53800000)]
=>0x00007f7d8012c800 JavaThread "Signal Dispatcher" daemon [_thread_in_vm, id=5078, stack(0x00007f7d5308c000,0x00007f7d5318d000)]
  0x00007f7d8012e800 JavaThread "Service Thread" daemon [_thread_blocked, id=5079, stack(0x00007f7d52f8b000,0x00007f7d5308c000)]
  0x00007f7d80130800 JavaThread "C2 CompilerThread0" daemon [_thread_blocked, id=5080, stack(0x00007f7d52e8a000,0x00007f7d52f8b000)]
  0x00007f7d80133000 JavaThread "C1 CompilerThread0" daemon [_thread_blocked, id=5081, stack(0x00007f7d52d89000,0x00007f7d52e8a000)]
  0x00007f7d80135000 JavaThread "Sweeper thread" daemon [_thread_blocked, id=5082, stack(0x00007f7d52c88000,0x00007f7d52d89000)]
  0x00007f7d8017c000 JavaThread "Common-Cleaner" daemon [_thread_blocked, id=5083, stack(0x00007f7d52b87000,0x00007f7d52c88000)]
  0x00007f7d801d1000 JavaThread "JDWP Transport Listener: dt_socket" daemon [_thread_in_native, id=5086, stack(0x00007f7d52a86000,0x00007f7d52b87000)]
  0x00007f7d801d5000 JavaThread "JDWP Event Helper Thread" daemon [_thread_blocked, id=5088, stack(0x00007f7d52985000,0x00007f7d52a86000)]

Other Threads:
  0x00007f7d80122000 VMThread "VM Thread" [stack: 0x00007f7d601d0000,0x00007f7d602d0000] [id=5075]
  0x00007f7d8023b000 WatcherThread [stack: 0x00007f7d52784000,0x00007f7d52884000] [id=5091]
  0x00007f7d8002f800 GCTaskThread "GC Thread#0" [stack: 0x00007f7d84b18000,0x00007f7d84c18000] [id=5070]
  0x00007f7d80049000 ConcurrentGCThread "G1 Main Marker" [stack: 0x00007f7d84079000,0x00007f7d84179000] [id=5071]
  0x00007f7d8004b000 ConcurrentGCThread "G1 Conc#0" [stack: 0x00007f7d68778000,0x00007f7d68878000] [id=5072]
  0x00007f7d8008d000 ConcurrentGCThread "G1 Refine#0" [stack: 0x00007f7d68272000,0x00007f7d68372000] [id=5073]
  0x00007f7d8008e800 ConcurrentGCThread "G1 Young RemSet Sampling" [stack: 0x00007f7d68170000,0x00007f7d68270000] [id=5074]

Threads with active compile tasks:

VM state:not at safepoint (normal execution)

VM Mutex/Monitor currently owned by a thread: None

Heap address: 0x00000000c5a00000, size: 934 MB, Compressed Oops mode: 32-bit
Narrow klass base: 0x0000000800000000, Narrow klass shift: 3
Compressed class space size: 1073741824 Address: 0x0000000840000000

Heap:
 garbage-first heap   total 63488K, used 5832K [0x00000000c5a00000, 0x0000000100000000)
  region size 1024K, 6 young (6144K), 0 survivors (0K)
 Metaspace       used 3299K, capacity 5030K, committed 5120K, reserved 1056768K
  class space    used 327K, capacity 460K, committed 512K, reserved 1048576K
Heap Regions: E=young(eden), S=young(survivor), O=old, HS=humongous(starts), HC=humongous(continues), CS=collection set, F=free, A=archive, TAMS=top-at-mark-start (previous, next)
|   0|0x00000000c5a00000, 0x00000000c5a00000, 0x00000000c5b00000|  0%| F|  |TAMS 0x00000000c5a00000, 0x00000000c5a00000| Untracked 
|   1|0x00000000c5b00000, 0x00000000c5b00000, 0x00000000c5c00000|  0%| F|  |TAMS 0x00000000c5b00000, 0x00000000c5b00000| Untracked 
|   2|0x00000000c5c00000, 0x00000000c5c00000, 0x00000000c5d00000|  0%| F|  |TAMS 0x00000000c5c00000, 0x00000000c5c00000| Untracked 
|   3|0x00000000c5d00000, 0x00000000c5d00000, 0x00000000c5e00000|  0%| F|  |TAMS 0x00000000c5d00000, 0x00000000c5d00000| Untracked 
|   4|0x00000000c5e00000, 0x00000000c5e00000, 0x00000000c5f00000|  0%| F|  |TAMS 0x00000000c5e00000, 0x00000000c5e00000| Untracked 
|   5|0x00000000c5f00000, 0x00000000c5f00000, 0x00000000c6000000|  0%| F|  |TAMS 0x00000000c5f00000, 0x00000000c5f00000| Untracked 
|   6|0x00000000c6000000, 0x00000000c6000000, 0x00000000c6100000|  0%| F|  |TAMS 0x00000000c6000000, 0x00000000c6000000| Untracked 
|   7|0x00000000c6100000, 0x00000000c6100000, 0x00000000c6200000|  0%| F|  |TAMS 0x00000000c6100000, 0x00000000c6100000| Untracked 
|   8|0x00000000c6200000, 0x00000000c6200000, 0x00000000c6300000|  0%| F|  |TAMS 0x00000000c6200000, 0x00000000c6200000| Untracked 
|   9|0x00000000c6300000, 0x00000000c6300000, 0x00000000c6400000|  0%| F|  |TAMS 0x00000000c6300000, 0x00000000c6300000| Untracked 
|  10|0x00000000c6400000, 0x00000000c6400000, 0x00000000c6500000|  0%| F|  |TAMS 0x00000000c6400000, 0x00000000c6400000| Untracked 
|  11|0x00000000c6500000, 0x00000000c6500000, 0x00000000c6600000|  0%| F|  |TAMS 0x00000000c6500000, 0x00000000c6500000| Untracked 
|  12|0x00000000c6600000, 0x00000000c6600000, 0x00000000c6700000|  0%| F|  |TAMS 0x00000000c6600000, 0x00000000c6600000| Untracked 
|  13|0x00000000c6700000, 0x00000000c6700000, 0x00000000c6800000|  0%| F|  |TAMS 0x00000000c6700000, 0x00000000c6700000| Untracked 
|  14|0x00000000c6800000, 0x00000000c6800000, 0x00000000c6900000|  0%| F|  |TAMS 0x00000000c6800000, 0x00000000c6800000| Untracked 
|  15|0x00000000c6900000, 0x00000000c6900000, 0x00000000c6a00000|  0%| F|  |TAMS 0x00000000c6900000, 0x00000000c6900000| Untracked 
|  16|0x00000000c6a00000, 0x00000000c6a00000, 0x00000000c6b00000|  0%| F|  |TAMS 0x00000000c6a00000, 0x00000000c6a00000| Untracked 
|  17|0x00000000c6b00000, 0x00000000c6b00000, 0x00000000c6c00000|  0%| F|  |TAMS 0x00000000c6b00000, 0x00000000c6b00000| Untracked 
|  18|0x00000000c6c00000, 0x00000000c6c00000, 0x00000000c6d00000|  0%| F|  |TAMS 0x00000000c6c00000, 0x00000000c6c00000| Untracked 
|  19|0x00000000c6d00000, 0x00000000c6d00000, 0x00000000c6e00000|  0%| F|  |TAMS 0x00000000c6d00000, 0x00000000c6d00000| Untracked 
|  20|0x00000000c6e00000, 0x00000000c6e00000, 0x00000000c6f00000|  0%| F|  |TAMS 0x00000000c6e00000, 0x00000000c6e00000| Untracked 
|  21|0x00000000c6f00000, 0x00000000c6f00000, 0x00000000c7000000|  0%| F|  |TAMS 0x00000000c6f00000, 0x00000000c6f00000| Untracked 
|  22|0x00000000c7000000, 0x00000000c7000000, 0x00000000c7100000|  0%| F|  |TAMS 0x00000000c7000000, 0x00000000c7000000| Untracked 
|  23|0x00000000c7100000, 0x00000000c7100000, 0x00000000c7200000|  0%| F|  |TAMS 0x00000000c7100000, 0x00000000c7100000| Untracked 
|  24|0x00000000c7200000, 0x00000000c7200000, 0x00000000c7300000|  0%| F|  |TAMS 0x00000000c7200000, 0x00000000c7200000| Untracked 
|  25|0x00000000c7300000, 0x00000000c7300000, 0x00000000c7400000|  0%| F|  |TAMS 0x00000000c7300000, 0x00000000c7300000| Untracked 
|  26|0x00000000c7400000, 0x00000000c7400000, 0x00000000c7500000|  0%| F|  |TAMS 0x00000000c7400000, 0x00000000c7400000| Untracked 
|  27|0x00000000c7500000, 0x00000000c7500000, 0x00000000c7600000|  0%| F|  |TAMS 0x00000000c7500000, 0x00000000c7500000| Untracked 
|  28|0x00000000c7600000, 0x00000000c7600000, 0x00000000c7700000|  0%| F|  |TAMS 0x00000000c7600000, 0x00000000c7600000| Untracked 
|  29|0x00000000c7700000, 0x00000000c7700000, 0x00000000c7800000|  0%| F|  |TAMS 0x00000000c7700000, 0x00000000c7700000| Untracked 
|  30|0x00000000c7800000, 0x00000000c7800000, 0x00000000c7900000|  0%| F|  |TAMS 0x00000000c7800000, 0x00000000c7800000| Untracked 
|  31|0x00000000c7900000, 0x00000000c7900000, 0x00000000c7a00000|  0%| F|  |TAMS 0x00000000c7900000, 0x00000000c7900000| Untracked 
|  32|0x00000000c7a00000, 0x00000000c7a00000, 0x00000000c7b00000|  0%| F|  |TAMS 0x00000000c7a00000, 0x00000000c7a00000| Untracked 
|  33|0x00000000c7b00000, 0x00000000c7b00000, 0x00000000c7c00000|  0%| F|  |TAMS 0x00000000c7b00000, 0x00000000c7b00000| Untracked 
|  34|0x00000000c7c00000, 0x00000000c7c00000, 0x00000000c7d00000|  0%| F|  |TAMS 0x00000000c7c00000, 0x00000000c7c00000| Untracked 
|  35|0x00000000c7d00000, 0x00000000c7d00000, 0x00000000c7e00000|  0%| F|  |TAMS 0x00000000c7d00000, 0x00000000c7d00000| Untracked 
|  36|0x00000000c7e00000, 0x00000000c7e00000, 0x00000000c7f00000|  0%| F|  |TAMS 0x00000000c7e00000, 0x00000000c7e00000| Untracked 
|  37|0x00000000c7f00000, 0x00000000c7f00000, 0x00000000c8000000|  0%| F|  |TAMS 0x00000000c7f00000, 0x00000000c7f00000| Untracked 
|  38|0x00000000c8000000, 0x00000000c8000000, 0x00000000c8100000|  0%| F|  |TAMS 0x00000000c8000000, 0x00000000c8000000| Untracked 
|  39|0x00000000c8100000, 0x00000000c8100000, 0x00000000c8200000|  0%| F|  |TAMS 0x00000000c8100000, 0x00000000c8100000| Untracked 
|  40|0x00000000c8200000, 0x00000000c8200000, 0x00000000c8300000|  0%| F|  |TAMS 0x00000000c8200000, 0x00000000c8200000| Untracked 
|  41|0x00000000c8300000, 0x00000000c8300000, 0x00000000c8400000|  0%| F|  |TAMS 0x00000000c8300000, 0x00000000c8300000| Untracked 
|  42|0x00000000c8400000, 0x00000000c8400000, 0x00000000c8500000|  0%| F|  |TAMS 0x00000000c8400000, 0x00000000c8400000| Untracked 
|  43|0x00000000c8500000, 0x00000000c8500000, 0x00000000c8600000|  0%| F|  |TAMS 0x00000000c8500000, 0x00000000c8500000| Untracked 
|  44|0x00000000c8600000, 0x00000000c8600000, 0x00000000c8700000|  0%| F|  |TAMS 0x00000000c8600000, 0x00000000c8600000| Untracked 
|  45|0x00000000c8700000, 0x00000000c8700000, 0x00000000c8800000|  0%| F|  |TAMS 0x00000000c8700000, 0x00000000c8700000| Untracked 
|  46|0x00000000c8800000, 0x00000000c8800000, 0x00000000c8900000|  0%| F|  |TAMS 0x00000000c8800000, 0x00000000c8800000| Untracked 
|  47|0x00000000c8900000, 0x00000000c8900000, 0x00000000c8a00000|  0%| F|  |TAMS 0x00000000c8900000, 0x00000000c8900000| Untracked 
|  48|0x00000000c8a00000, 0x00000000c8a00000, 0x00000000c8b00000|  0%| F|  |TAMS 0x00000000c8a00000, 0x00000000c8a00000| Untracked 
|  49|0x00000000c8b00000, 0x00000000c8b00000, 0x00000000c8c00000|  0%| F|  |TAMS 0x00000000c8b00000, 0x00000000c8b00000| Untracked 
|  50|0x00000000c8c00000, 0x00000000c8c00000, 0x00000000c8d00000|  0%| F|  |TAMS 0x00000000c8c00000, 0x00000000c8c00000| Untracked 
|  51|0x00000000c8d00000, 0x00000000c8d00000, 0x00000000c8e00000|  0%| F|  |TAMS 0x00000000c8d00000, 0x00000000c8d00000| Untracked 
|  52|0x00000000c8e00000, 0x00000000c8e00000, 0x00000000c8f00000|  0%| F|  |TAMS 0x00000000c8e00000, 0x00000000c8e00000| Untracked 
|  53|0x00000000c8f00000, 0x00000000c8f00000, 0x00000000c9000000|  0%| F|  |TAMS 0x00000000c8f00000, 0x00000000c8f00000| Untracked 
|  54|0x00000000c9000000, 0x00000000c90482f8, 0x00000000c9100000| 28%| E|  |TAMS 0x00000000c9000000, 0x00000000c9000000| Complete 
|  55|0x00000000c9100000, 0x00000000c9200000, 0x00000000c9200000|100%| E|CS|TAMS 0x00000000c9100000, 0x00000000c9100000| Complete 
|  56|0x00000000c9200000, 0x00000000c9300000, 0x00000000c9300000|100%| E|CS|TAMS 0x00000000c9200000, 0x00000000c9200000| Complete 
|  57|0x00000000c9300000, 0x00000000c9400000, 0x00000000c9400000|100%| E|CS|TAMS 0x00000000c9300000, 0x00000000c9300000| Complete 
|  58|0x00000000c9400000, 0x00000000c9500000, 0x00000000c9500000|100%| E|CS|TAMS 0x00000000c9400000, 0x00000000c9400000| Complete 
|  59|0x00000000c9500000, 0x00000000c9600000, 0x00000000c9600000|100%| E|CS|TAMS 0x00000000c9500000, 0x00000000c9500000| Complete 
| 932|0x00000000ffe00000, 0x00000000ffe47000, 0x00000000fff00000| 27%|OA|  |TAMS 0x00000000ffe00000, 0x00000000ffe00000| Untracked 
| 933|0x00000000fff00000, 0x00000000fff6b000, 0x0000000100000000| 41%|CA|  |TAMS 0x00000000fff00000, 0x00000000fff00000| Untracked 

Card table byte_map: [0x00007f7d8436c000,0x00007f7d8453f000] _byte_map_base: 0x00007f7d83d3f000

Marking Bits (Prev, Next): (CMBitMap*) 0x00007f7d80044ab8, (CMBitMap*) 0x00007f7d80044af0
 Prev Bits: [0x00007f7d63168000, 0x00007f7d64000000)
 Next Bits: [0x00007f7d622d0000, 0x00007f7d63168000)

Polling page: 0x00007f7d867de000

Metaspace:

Usage:
  Non-class:      4,46 MB capacity,     2,90 MB ( 65%) used,     1,56 MB ( 35%) free+waste,     4,56 KB ( <1%) overhead. 
      Class:    460,00 KB capacity,   327,91 KB ( 71%) used,   129,59 KB ( 28%) free+waste,     2,50 KB ( <1%) overhead. 
       Both:      4,91 MB capacity,     3,22 MB ( 66%) used,     1,68 MB ( 34%) free+waste,     7,06 KB ( <1%) overhead. 

Virtual space:
  Non-class space:        8,00 MB reserved,       4,50 MB ( 56%) committed 
      Class space:        1,00 GB reserved,     512,00 KB ( <1%) committed 
             Both:        1,01 GB reserved,       5,00 MB ( <1%) committed 

Chunk freelists:
   Non-Class:  38,00 KB
       Class:  20,00 KB
        Both:  58,00 KB

MaxMetaspaceSize: unlimited
CompressedClassSpaceSize: 1,00 GB

CodeHeap 'non-profiled nmethods': size=120032Kb used=128Kb max_used=128Kb free=119903Kb
 bounds [0x00007f7d70340000, 0x00007f7d705b0000, 0x00007f7d77878000]
CodeHeap 'profiled nmethods': size=120032Kb used=646Kb max_used=646Kb free=119385Kb
 bounds [0x00007f7d68e08000, 0x00007f7d69078000, 0x00007f7d70340000]
CodeHeap 'non-nmethods': size=5696Kb used=1119Kb max_used=1133Kb free=4576Kb
 bounds [0x00007f7d68878000, 0x00007f7d68ae8000, 0x00007f7d68e08000]
 total_blobs=808 nmethods=446 adapters=284
 compilation: enabled
              stopped_count=0, restarted_count=0
 full_count=0

Compilation events (20 events):
Event: 190,583 Thread 0x00007f7d80133000 nmethod 438 0x00007f7d68ea6990 code [0x00007f7d68ea6b40, 0x00007f7d68ea6cb0]
Event: 190,603 Thread 0x00007f7d80130800 nmethod 436 0x00007f7d7035de10 code [0x00007f7d7035dfc0, 0x00007f7d7035e6d8]
Event: 190,603 Thread 0x00007f7d80130800  437       4       java.lang.AbstractStringBuilder::append (45 bytes)
Event: 190,618 Thread 0x00007f7d80130800 nmethod 437 0x00007f7d7035eb10 code [0x00007f7d7035ecc0, 0x00007f7d7035f3b8]
Event: 202,180 Thread 0x00007f7d80133000  439       3       org.eclipse.jdt.launching.internal.org.objectweb.asm.SymbolTable::addConstantUtf8 (98 bytes)
Event: 202,181 Thread 0x00007f7d80133000 nmethod 439 0x00007f7d68ea6d90 code [0x00007f7d68ea6fe0, 0x00007f7d68ea7690]
Event: 202,181 Thread 0x00007f7d80133000  440       1       org.eclipse.jdt.launching.internal.org.objectweb.asm.SymbolTable::getMajorVersion (5 bytes)
Event: 202,182 Thread 0x00007f7d80133000 nmethod 440 0x00007f7d7035f810 code [0x00007f7d7035f9c0, 0x00007f7d7035fa90]
Event: 215,144 Thread 0x00007f7d80130800  441       4       org.eclipse.jdt.launching.internal.org.objectweb.asm.ClassReader::getItem (7 bytes)
Event: 215,146 Thread 0x00007f7d80130800 nmethod 441 0x00007f7d7035fb10 code [0x00007f7d7035fca0, 0x00007f7d7035fd78]
Event: 218,533 Thread 0x00007f7d80133000  442       3       org.eclipse.jdt.launching.internal.org.objectweb.asm.ClassReader::readClass (7 bytes)
Event: 218,534 Thread 0x00007f7d80133000 nmethod 442 0x00007f7d68ea7a90 code [0x00007f7d68ea7c80, 0x00007f7d68ea8120]
Event: 218,534 Thread 0x00007f7d80133000  443       3       org.eclipse.jdt.launching.internal.org.objectweb.asm.ClassReader::readStringish (16 bytes)
Event: 218,535 Thread 0x00007f7d80133000 nmethod 443 0x00007f7d68ea8390 code [0x00007f7d68ea8580, 0x00007f7d68ea89c0]
Event: 218,535 Thread 0x00007f7d80133000  444       1       org.eclipse.jdt.launching.internal.org.objectweb.asm.SymbolTable::getSource (5 bytes)
Event: 218,535 Thread 0x00007f7d80133000 nmethod 444 0x00007f7d7035fe90 code [0x00007f7d70360040, 0x00007f7d70360110]
Event: 2071,134 Thread 0x00007f7d80133000  445       3       org.eclipse.jdt.launching.internal.org.objectweb.asm.SymbolTable::addConstantMemberReference (29 bytes)
Event: 2071,136 Thread 0x00007f7d80133000 nmethod 445 0x00007f7d68ea8c10 code [0x00007f7d68ea8e20, 0x00007f7d68ea9260]
Event: 2071,154 Thread 0x00007f7d80133000  446       3       org.eclipse.jdt.launching.internal.org.objectweb.asm.SymbolTable::hash (20 bytes)
Event: 2071,155 Thread 0x00007f7d80133000 nmethod 446 0x00007f7d68ea9590 code [0x00007f7d68ea9760, 0x00007f7d68ea9920]

GC Heap History (0 events):
No events

Deoptimization events (20 events):
Event: 0,620 Thread 0x00007f7d80018000 DEOPT PACKING pc=0x00007f7d68e9136a sp=0x00007f7d84faaca0
Event: 0,620 Thread 0x00007f7d80018000 DEOPT UNPACKING pc=0x00007f7d688ae12b sp=0x00007f7d84faa188 mode 0
Event: 0,620 Thread 0x00007f7d80018000 DEOPT PACKING pc=0x00007f7d68e9136a sp=0x00007f7d84faaca0
Event: 0,620 Thread 0x00007f7d80018000 DEOPT UNPACKING pc=0x00007f7d688ae12b sp=0x00007f7d84faa188 mode 0
Event: 0,628 Thread 0x00007f7d80018000 DEOPT PACKING pc=0x00007f7d68e9136a sp=0x00007f7d84fabe90
Event: 0,628 Thread 0x00007f7d80018000 DEOPT UNPACKING pc=0x00007f7d688ae12b sp=0x00007f7d84fab378 mode 0
Event: 0,628 Thread 0x00007f7d80018000 DEOPT PACKING pc=0x00007f7d68e9136a sp=0x00007f7d84fabe90
Event: 0,628 Thread 0x00007f7d80018000 DEOPT UNPACKING pc=0x00007f7d688ae12b sp=0x00007f7d84fab378 mode 0
Event: 0,632 Thread 0x00007f7d80018000 DEOPT PACKING pc=0x00007f7d68e9136a sp=0x00007f7d84faac20
Event: 0,632 Thread 0x00007f7d80018000 DEOPT UNPACKING pc=0x00007f7d688ae12b sp=0x00007f7d84faa108 mode 0
Event: 0,650 Thread 0x00007f7d80018000 DEOPT PACKING pc=0x00007f7d68e9136a sp=0x00007f7d84faa8a0
Event: 0,650 Thread 0x00007f7d80018000 DEOPT UNPACKING pc=0x00007f7d688ae12b sp=0x00007f7d84fa9d88 mode 0
Event: 0,651 Thread 0x00007f7d80018000 DEOPT PACKING pc=0x00007f7d68e9136a sp=0x00007f7d84faa8a0
Event: 0,651 Thread 0x00007f7d80018000 DEOPT UNPACKING pc=0x00007f7d688ae12b sp=0x00007f7d84fa9d88 mode 0
Event: 0,653 Thread 0x00007f7d80018000 DEOPT PACKING pc=0x00007f7d68e9136a sp=0x00007f7d84faa8a0
Event: 0,653 Thread 0x00007f7d80018000 DEOPT UNPACKING pc=0x00007f7d688ae12b sp=0x00007f7d84fa9d88 mode 0
Event: 0,659 Thread 0x00007f7d80018000 Uncommon trap: trap_request=0xffffff4d fr.pc=0x00007f7d70344b30 relative=0x0000000000000110
Event: 0,659 Thread 0x00007f7d80018000 Uncommon trap: reason=unstable_if action=reinterpret pc=0x00007f7d70344b30 method=java.lang.StringLatin1.charAt([BI)C @ 7 c2
Event: 0,659 Thread 0x00007f7d80018000 DEOPT PACKING pc=0x00007f7d70344b30 sp=0x00007f7d84fae8e0
Event: 0,659 Thread 0x00007f7d80018000 DEOPT UNPACKING pc=0x00007f7d688add1f sp=0x00007f7d84fae840 mode 2

Classes redefined (2 events):
Event: 54,424 Thread 0x00007f7d80122000 redefined class name=br.com.pelodan.senha.sistema.Sistema, count=1
Event: 61,422 Thread 0x00007f7d80122000 redefined class name=br.com.pelodan.senha.sistema.Sistema, count=2

Internal exceptions (2 events):
Event: 0,134 Thread 0x00007f7d80018000 Exception <a 'java/lang/NoSuchMethodError'{0x00000000c95aac90}: 'int java.lang.invoke.DirectMethodHandle$Holder.invokeSpecial(java.lang.Object, java.lang.Object, java.lang.Object, java.lang.Object)'> (0x00000000c95aac90) thrown at [src/hotspot/share/interpreter/linkResolver.cpp, line 772]
Event: 0,152 Thread 0x00007f7d80018000 Exception <a 'java/lang/NoSuchMethodError'{0x00000000c95ba988}: 'void java.lang.invoke.DirectMethodHandle$Holder.invokeVirtual(java.lang.Object, java.lang.Object)'> (0x00000000c95ba988) thrown at [src/hotspot/share/interpreter/linkResolver.cpp, line 772]

Events (20 events):
Event: 292,512 Executing VM operation: GetOwnedMonitorInfo
Event: 292,512 Executing VM operation: GetOwnedMonitorInfo done
Event: 294,104 Executing VM operation: GetCurrentContendedMonitor
Event: 294,104 Executing VM operation: GetCurrentContendedMonitor done
Event: 294,104 Executing VM operation: GetOwnedMonitorInfo
Event: 294,104 Executing VM operation: GetOwnedMonitorInfo done
Event: 295,334 Executing VM operation: GetCurrentContendedMonitor
Event: 295,334 Executing VM operation: GetCurrentContendedMonitor done
Event: 295,334 Executing VM operation: GetOwnedMonitorInfo
Event: 295,334 Executing VM operation: GetOwnedMonitorInfo done
Event: 296,480 Executing VM operation: GetCurrentContendedMonitor
Event: 296,480 Executing VM operation: GetCurrentContendedMonitor done
Event: 296,480 Executing VM operation: GetOwnedMonitorInfo
Event: 296,480 Executing VM operation: GetOwnedMonitorInfo done
Event: 297,653 Executing VM operation: GetCurrentContendedMonitor
Event: 297,654 Executing VM operation: GetCurrentContendedMonitor done
Event: 297,654 Executing VM operation: GetOwnedMonitorInfo
Event: 297,654 Executing VM operation: GetOwnedMonitorInfo done
Event: 2088,734 Thread 0x00007f7d20001800 Thread exited: 0x00007f7d20001800
Event: 2088,751 loading class jdk/internal/misc/Signal$1


Dynamic libraries:
c5a00000-c9600000 rw-p 00000000 00:00 0 
c9600000-ffe00000 ---p 00000000 00:00 0 
ffe00000-ffe47000 rw-p 01111000 08:05 1442697                            /usr/lib/jvm/java-11-openjdk-amd64/lib/server/classes.jsa
ffe47000-fff00000 rw-p 00000000 00:00 0 
fff00000-fff6b000 rw-p 010a6000 08:05 1442697                            /usr/lib/jvm/java-11-openjdk-amd64/lib/server/classes.jsa
fff6b000-100000000 rw-p 00000000 00:00 0 
800000000-800002000 rwxp 00001000 08:05 1442697                          /usr/lib/jvm/java-11-openjdk-amd64/lib/server/classes.jsa
800002000-8010a5000 rw-p 00003000 08:05 1442697                          /usr/lib/jvm/java-11-openjdk-amd64/lib/server/classes.jsa
840000000-840080000 rw-p 00000000 00:00 0 
840080000-880000000 ---p 00000000 00:00 0 
562990df0000-562990df1000 r--p 00000000 08:05 1443455                    /usr/lib/jvm/java-11-openjdk-amd64/bin/java
562990df1000-562990df2000 r-xp 00001000 08:05 1443455                    /usr/lib/jvm/java-11-openjdk-amd64/bin/java
562990df2000-562990df3000 r--p 00002000 08:05 1443455                    /usr/lib/jvm/java-11-openjdk-amd64/bin/java
562990df3000-562990df4000 r--p 00002000 08:05 1443455                    /usr/lib/jvm/java-11-openjdk-amd64/bin/java
562990df4000-562990df5000 rw-p 00003000 08:05 1443455                    /usr/lib/jvm/java-11-openjdk-amd64/bin/java
56299256a000-56299258b000 rw-p 00000000 00:00 0                          [heap]
7f7d18000000-7f7d18021000 rw-p 00000000 00:00 0 
7f7d18021000-7f7d1c000000 ---p 00000000 00:00 0 
7f7d1c000000-7f7d1c021000 rw-p 00000000 00:00 0 
7f7d1c021000-7f7d20000000 ---p 00000000 00:00 0 
7f7d20000000-7f7d20021000 rw-p 00000000 00:00 0 
7f7d20021000-7f7d24000000 ---p 00000000 00:00 0 
7f7d24000000-7f7d24021000 rw-p 00000000 00:00 0 
7f7d24021000-7f7d28000000 ---p 00000000 00:00 0 
7f7d28000000-7f7d28021000 rw-p 00000000 00:00 0 
7f7d28021000-7f7d2c000000 ---p 00000000 00:00 0 
7f7d2c000000-7f7d2c021000 rw-p 00000000 00:00 0 
7f7d2c021000-7f7d30000000 ---p 00000000 00:00 0 
7f7d30000000-7f7d3028c000 rw-p 00000000 00:00 0 
7f7d3028c000-7f7d34000000 ---p 00000000 00:00 0 
7f7d34000000-7f7d34094000 rw-p 00000000 00:00 0 
7f7d34094000-7f7d38000000 ---p 00000000 00:00 0 
7f7d38000000-7f7d38021000 rw-p 00000000 00:00 0 
7f7d38021000-7f7d3c000000 ---p 00000000 00:00 0 
7f7d3c000000-7f7d3c021000 rw-p 00000000 00:00 0 
7f7d3c021000-7f7d40000000 ---p 00000000 00:00 0 
7f7d40000000-7f7d40021000 rw-p 00000000 00:00 0 
7f7d40021000-7f7d44000000 ---p 00000000 00:00 0 
7f7d44000000-7f7d44021000 rw-p 00000000 00:00 0 
7f7d44021000-7f7d48000000 ---p 00000000 00:00 0 
7f7d48000000-7f7d48021000 rw-p 00000000 00:00 0 
7f7d48021000-7f7d4c000000 ---p 00000000 00:00 0 
7f7d4c000000-7f7d4c021000 rw-p 00000000 00:00 0 
7f7d4c021000-7f7d50000000 ---p 00000000 00:00 0 
7f7d52782000-7f7d52783000 ---p 00000000 00:00 0 
7f7d52783000-7f7d52884000 rw-p 00000000 00:00 0 
7f7d52884000-7f7d52888000 ---p 00000000 00:00 0 
7f7d52888000-7f7d52985000 rw-p 00000000 00:00 0 
7f7d52985000-7f7d52989000 ---p 00000000 00:00 0 
7f7d52989000-7f7d52a86000 rw-p 00000000 00:00 0 
7f7d52a86000-7f7d52a8a000 ---p 00000000 00:00 0 
7f7d52a8a000-7f7d52b87000 rw-p 00000000 00:00 0 
7f7d52b87000-7f7d52b8b000 ---p 00000000 00:00 0 
7f7d52b8b000-7f7d52c88000 rw-p 00000000 00:00 0 
7f7d52c88000-7f7d52c8c000 ---p 00000000 00:00 0 
7f7d52c8c000-7f7d52d89000 rw-p 00000000 00:00 0 
7f7d52d89000-7f7d52d8d000 ---p 00000000 00:00 0 
7f7d52d8d000-7f7d52e8a000 rw-p 00000000 00:00 0 
7f7d52e8a000-7f7d52e8e000 ---p 00000000 00:00 0 
7f7d52e8e000-7f7d52f8b000 rw-p 00000000 00:00 0 
7f7d52f8b000-7f7d52f8f000 ---p 00000000 00:00 0 
7f7d52f8f000-7f7d5308c000 rw-p 00000000 00:00 0 
7f7d5308c000-7f7d53090000 ---p 00000000 00:00 0 
7f7d53090000-7f7d5318d000 rw-p 00000000 00:00 0 
7f7d5318d000-7f7d536ff000 r--p 00000000 08:05 1317619                    /usr/lib/locale/locale-archive
7f7d536ff000-7f7d53703000 ---p 00000000 00:00 0 
7f7d53703000-7f7d53c80000 rw-p 00000000 00:00 0 
7f7d53c80000-7f7d54000000 ---p 00000000 00:00 0 
7f7d54000000-7f7d54021000 rw-p 00000000 00:00 0 
7f7d54021000-7f7d58000000 ---p 00000000 00:00 0 
7f7d58000000-7f7d58021000 rw-p 00000000 00:00 0 
7f7d58021000-7f7d5c000000 ---p 00000000 00:00 0 
7f7d5c000000-7f7d5c021000 rw-p 00000000 00:00 0 
7f7d5c021000-7f7d60000000 ---p 00000000 00:00 0 
7f7d600cd000-7f7d600d1000 ---p 00000000 00:00 0 
7f7d600d1000-7f7d601ce000 rw-p 00000000 00:00 0 
7f7d601ce000-7f7d601cf000 ---p 00000000 00:00 0 
7f7d601cf000-7f7d623c0000 rw-p 00000000 00:00 0 
7f7d623c0000-7f7d63160000 ---p 00000000 00:00 0 
7f7d63160000-7f7d63258000 rw-p 00000000 00:00 0 
7f7d63258000-7f7d63ff8000 ---p 00000000 00:00 0 
7f7d63ff8000-7f7d64000000 rw-p 00000000 00:00 0 
7f7d64000000-7f7d64021000 rw-p 00000000 00:00 0 
7f7d64021000-7f7d68000000 ---p 00000000 00:00 0 
7f7d68099000-7f7d680a1000 r--p 00000000 08:05 1445184                    /usr/lib/jvm/java-11-openjdk-amd64/lib/libsunec.so
7f7d680a1000-7f7d680ba000 r-xp 00008000 08:05 1445184                    /usr/lib/jvm/java-11-openjdk-amd64/lib/libsunec.so
7f7d680ba000-7f7d680c4000 r--p 00021000 08:05 1445184                    /usr/lib/jvm/java-11-openjdk-amd64/lib/libsunec.so
7f7d680c4000-7f7d680c5000 ---p 0002b000 08:05 1445184                    /usr/lib/jvm/java-11-openjdk-amd64/lib/libsunec.so
7f7d680c5000-7f7d680c9000 r--p 0002b000 08:05 1445184                    /usr/lib/jvm/java-11-openjdk-amd64/lib/libsunec.so
7f7d680c9000-7f7d680cb000 rw-p 0002f000 08:05 1445184                    /usr/lib/jvm/java-11-openjdk-amd64/lib/libsunec.so
7f7d680cb000-7f7d680cd000 r--p 00000000 08:05 1445159                    /usr/lib/jvm/java-11-openjdk-amd64/lib/libdt_socket.so
7f7d680cd000-7f7d680d0000 r-xp 00002000 08:05 1445159                    /usr/lib/jvm/java-11-openjdk-amd64/lib/libdt_socket.so
7f7d680d0000-7f7d680d1000 r--p 00005000 08:05 1445159                    /usr/lib/jvm/java-11-openjdk-amd64/lib/libdt_socket.so
7f7d680d1000-7f7d680d2000 ---p 00006000 08:05 1445159                    /usr/lib/jvm/java-11-openjdk-amd64/lib/libdt_socket.so
7f7d680d2000-7f7d680d3000 r--p 00006000 08:05 1445159                    /usr/lib/jvm/java-11-openjdk-amd64/lib/libdt_socket.so
7f7d680d3000-7f7d680d4000 rw-p 00007000 08:05 1445159                    /usr/lib/jvm/java-11-openjdk-amd64/lib/libdt_socket.so
7f7d680d4000-7f7d680d8000 r--p 00000000 08:05 1445178                    /usr/lib/jvm/java-11-openjdk-amd64/lib/libnet.so
7f7d680d8000-7f7d680e7000 r-xp 00004000 08:05 1445178                    /usr/lib/jvm/java-11-openjdk-amd64/lib/libnet.so
7f7d680e7000-7f7d680eb000 r--p 00013000 08:05 1445178                    /usr/lib/jvm/java-11-openjdk-amd64/lib/libnet.so
7f7d680eb000-7f7d680ec000 r--p 00016000 08:05 1445178                    /usr/lib/jvm/java-11-openjdk-amd64/lib/libnet.so
7f7d680ec000-7f7d680ed000 rw-p 00017000 08:05 1445178                    /usr/lib/jvm/java-11-openjdk-amd64/lib/libnet.so
7f7d680ed000-7f7d6816e000 rw-p 00000000 00:00 0 
7f7d6816e000-7f7d6816f000 ---p 00000000 00:00 0 
7f7d6816f000-7f7d68270000 rw-p 00000000 00:00 0 
7f7d68270000-7f7d68271000 ---p 00000000 00:00 0 
7f7d68271000-7f7d68776000 rw-p 00000000 00:00 0 
7f7d68776000-7f7d68777000 ---p 00000000 00:00 0 
7f7d68777000-7f7d68878000 rw-p 00000000 00:00 0 
7f7d68878000-7f7d68ae8000 rwxp 00000000 00:00 0 
7f7d68ae8000-7f7d68e08000 ---p 00000000 00:00 0 
7f7d68e08000-7f7d69078000 rwxp 00000000 00:00 0 
7f7d69078000-7f7d70340000 ---p 00000000 00:00 0 
7f7d70340000-7f7d705b0000 rwxp 00000000 00:00 0 
7f7d705b0000-7f7d77878000 ---p 00000000 00:00 0 
7f7d80000000-7f7d80302000 rw-p 00000000 00:00 0 
7f7d80302000-7f7d84000000 ---p 00000000 00:00 0 
7f7d84008000-7f7d8400f000 r--p 00000000 08:05 1445179                    /usr/lib/jvm/java-11-openjdk-amd64/lib/libnio.so
7f7d8400f000-7f7d84017000 r-xp 00007000 08:05 1445179                    /usr/lib/jvm/java-11-openjdk-amd64/lib/libnio.so
7f7d84017000-7f7d8401a000 r--p 0000f000 08:05 1445179                    /usr/lib/jvm/java-11-openjdk-amd64/lib/libnio.so
7f7d8401a000-7f7d8401b000 r--p 00011000 08:05 1445179                    /usr/lib/jvm/java-11-openjdk-amd64/lib/libnio.so
7f7d8401b000-7f7d8401c000 rw-p 00012000 08:05 1445179                    /usr/lib/jvm/java-11-openjdk-amd64/lib/libnio.so
7f7d8401c000-7f7d84077000 rw-p 00000000 00:00 0 
7f7d84077000-7f7d84078000 ---p 00000000 00:00 0 
7f7d84078000-7f7d841b7000 rw-p 00000000 00:00 0 
7f7d841b7000-7f7d8436b000 ---p 00000000 00:00 0 
7f7d8436b000-7f7d8438a000 rw-p 00000000 00:00 0 
7f7d8438a000-7f7d8453e000 ---p 00000000 00:00 0 
7f7d8453e000-7f7d8455d000 rw-p 00000000 00:00 0 
7f7d8455d000-7f7d84711000 ---p 00000000 00:00 0 
7f7d84711000-7f7d84b16000 rw-p 00000000 00:00 0 
7f7d84b16000-7f7d84b17000 ---p 00000000 00:00 0 
7f7d84b17000-7f7d84c1d000 rw-p 00000000 00:00 0 
7f7d84c1d000-7f7d84d03000 ---p 00000000 00:00 0 
7f7d84d03000-7f7d84d08000 rw-p 00000000 00:00 0 
7f7d84d08000-7f7d84dee000 ---p 00000000 00:00 0 
7f7d84dee000-7f7d84df3000 rw-p 00000000 00:00 0 
7f7d84df3000-7f7d84dfa000 ---p 00000000 00:00 0 
7f7d84dfa000-7f7d84dfd000 r--p 00000000 08:05 1314371                    /usr/lib/x86_64-linux-gnu/libnss_files-2.31.so
7f7d84dfd000-7f7d84e04000 r-xp 00003000 08:05 1314371                    /usr/lib/x86_64-linux-gnu/libnss_files-2.31.so
7f7d84e04000-7f7d84e06000 r--p 0000a000 08:05 1314371                    /usr/lib/x86_64-linux-gnu/libnss_files-2.31.so
7f7d84e06000-7f7d84e07000 r--p 0000b000 08:05 1314371                    /usr/lib/x86_64-linux-gnu/libnss_files-2.31.so
7f7d84e07000-7f7d84e08000 rw-p 0000c000 08:05 1314371                    /usr/lib/x86_64-linux-gnu/libnss_files-2.31.so
7f7d84e08000-7f7d84e0e000 rw-p 00000000 00:00 0 
7f7d84e12000-7f7d84e19000 r--s 00000000 08:05 1973425                    /usr/lib/x86_64-linux-gnu/gconv/gconv-modules.cache
7f7d84e19000-7f7d84e1b000 r--p 00000000 08:05 1445187                    /usr/lib/jvm/java-11-openjdk-amd64/lib/libzip.so
7f7d84e1b000-7f7d84e1f000 r-xp 00002000 08:05 1445187                    /usr/lib/jvm/java-11-openjdk-amd64/lib/libzip.so
7f7d84e1f000-7f7d84e21000 r--p 00006000 08:05 1445187                    /usr/lib/jvm/java-11-openjdk-amd64/lib/libzip.so
7f7d84e21000-7f7d84e22000 r--p 00007000 08:05 1445187                    /usr/lib/jvm/java-11-openjdk-amd64/lib/libzip.so
7f7d84e22000-7f7d84e23000 rw-p 00008000 08:05 1445187                    /usr/lib/jvm/java-11-openjdk-amd64/lib/libzip.so
7f7d84e23000-7f7d84e2b000 rw-s 00000000 08:05 11672215                   /tmp/hsperfdata_pelodan/5063
7f7d84e2b000-7f7d84e2d000 r--p 00000000 08:05 1445162                    /usr/lib/jvm/java-11-openjdk-amd64/lib/libinstrument.so
7f7d84e2d000-7f7d84e33000 r-xp 00002000 08:05 1445162                    /usr/lib/jvm/java-11-openjdk-amd64/lib/libinstrument.so
7f7d84e33000-7f7d84e36000 r--p 00008000 08:05 1445162                    /usr/lib/jvm/java-11-openjdk-amd64/lib/libinstrument.so
7f7d84e36000-7f7d84e37000 r--p 0000a000 08:05 1445162                    /usr/lib/jvm/java-11-openjdk-amd64/lib/libinstrument.so
7f7d84e37000-7f7d84e38000 rw-p 0000b000 08:05 1445162                    /usr/lib/jvm/java-11-openjdk-amd64/lib/libinstrument.so
7f7d84e38000-7f7d84e3a000 r--p 00000000 08:05 1445169                    /usr/lib/jvm/java-11-openjdk-amd64/lib/libjdwp.so
7f7d84e3a000-7f7d84e66000 r-xp 00002000 08:05 1445169                    /usr/lib/jvm/java-11-openjdk-amd64/lib/libjdwp.so
7f7d84e66000-7f7d84e74000 r--p 0002e000 08:05 1445169                    /usr/lib/jvm/java-11-openjdk-amd64/lib/libjdwp.so
7f7d84e74000-7f7d84e75000 r--p 0003b000 08:05 1445169                    /usr/lib/jvm/java-11-openjdk-amd64/lib/libjdwp.so
7f7d84e75000-7f7d84e76000 rw-p 0003c000 08:05 1445169                    /usr/lib/jvm/java-11-openjdk-amd64/lib/libjdwp.so
7f7d84e76000-7f7d84e84000 r--p 00000000 08:05 1445167                    /usr/lib/jvm/java-11-openjdk-amd64/lib/libjava.so
7f7d84e84000-7f7d84e9a000 r-xp 0000e000 08:05 1445167                    /usr/lib/jvm/java-11-openjdk-amd64/lib/libjava.so
7f7d84e9a000-7f7d84ea1000 r--p 00024000 08:05 1445167                    /usr/lib/jvm/java-11-openjdk-amd64/lib/libjava.so
7f7d84ea1000-7f7d84ea2000 r--p 0002a000 08:05 1445167                    /usr/lib/jvm/java-11-openjdk-amd64/lib/libjava.so
7f7d84ea2000-7f7d84ea3000 rw-p 0002b000 08:05 1445167                    /usr/lib/jvm/java-11-openjdk-amd64/lib/libjava.so
7f7d84ea3000-7f7d84ea4000 rw-p 00000000 00:00 0 
7f7d84ea4000-7f7d84ea7000 r--p 00000000 08:05 1314378                    /usr/lib/x86_64-linux-gnu/librt-2.31.so
7f7d84ea7000-7f7d84eab000 r-xp 00003000 08:05 1314378                    /usr/lib/x86_64-linux-gnu/librt-2.31.so
7f7d84eab000-7f7d84eac000 r--p 00007000 08:05 1314378                    /usr/lib/x86_64-linux-gnu/librt-2.31.so
7f7d84eac000-7f7d84ead000 ---p 00008000 08:05 1314378                    /usr/lib/x86_64-linux-gnu/librt-2.31.so
7f7d84ead000-7f7d84eae000 r--p 00008000 08:05 1314378                    /usr/lib/x86_64-linux-gnu/librt-2.31.so
7f7d84eae000-7f7d84eaf000 rw-p 00009000 08:05 1314378                    /usr/lib/x86_64-linux-gnu/librt-2.31.so
7f7d84eaf000-7f7d84eb3000 ---p 00000000 00:00 0 
7f7d84eb3000-7f7d84fb0000 rw-p 00000000 00:00 0 
7f7d84fb0000-7f7d84fb3000 r--p 00000000 08:05 1312824                    /usr/lib/x86_64-linux-gnu/libgcc_s.so.1
7f7d84fb3000-7f7d84fc5000 r-xp 00003000 08:05 1312824                    /usr/lib/x86_64-linux-gnu/libgcc_s.so.1
7f7d84fc5000-7f7d84fc9000 r--p 00015000 08:05 1312824                    /usr/lib/x86_64-linux-gnu/libgcc_s.so.1
7f7d84fc9000-7f7d84fca000 r--p 00018000 08:05 1312824                    /usr/lib/x86_64-linux-gnu/libgcc_s.so.1
7f7d84fca000-7f7d84fcb000 rw-p 00019000 08:05 1312824                    /usr/lib/x86_64-linux-gnu/libgcc_s.so.1
7f7d84fcb000-7f7d84fda000 r--p 00000000 08:05 1314365                    /usr/lib/x86_64-linux-gnu/libm-2.31.so
7f7d84fda000-7f7d85081000 r-xp 0000f000 08:05 1314365                    /usr/lib/x86_64-linux-gnu/libm-2.31.so
7f7d85081000-7f7d85118000 r--p 000b6000 08:05 1314365                    /usr/lib/x86_64-linux-gnu/libm-2.31.so
7f7d85118000-7f7d85119000 r--p 0014c000 08:05 1314365                    /usr/lib/x86_64-linux-gnu/libm-2.31.so
7f7d85119000-7f7d8511a000 rw-p 0014d000 08:05 1314365                    /usr/lib/x86_64-linux-gnu/libm-2.31.so
7f7d8511a000-7f7d851b0000 r--p 00000000 08:05 1312827                    /usr/lib/x86_64-linux-gnu/libstdc++.so.6.0.28
7f7d851b0000-7f7d852a1000 r-xp 00096000 08:05 1312827                    /usr/lib/x86_64-linux-gnu/libstdc++.so.6.0.28
7f7d852a1000-7f7d852ea000 r--p 00187000 08:05 1312827                    /usr/lib/x86_64-linux-gnu/libstdc++.so.6.0.28
7f7d852ea000-7f7d852eb000 ---p 001d0000 08:05 1312827                    /usr/lib/x86_64-linux-gnu/libstdc++.so.6.0.28
7f7d852eb000-7f7d852f6000 r--p 001d0000 08:05 1312827                    /usr/lib/x86_64-linux-gnu/libstdc++.so.6.0.28
7f7d852f6000-7f7d852f9000 rw-p 001db000 08:05 1312827                    /usr/lib/x86_64-linux-gnu/libstdc++.so.6.0.28
7f7d852f9000-7f7d852fc000 rw-p 00000000 00:00 0 
7f7d852fc000-7f7d85576000 r--p 00000000 08:05 1445191                    /usr/lib/jvm/java-11-openjdk-amd64/lib/server/libjvm.so
7f7d85576000-7f7d861fb000 r-xp 0027a000 08:05 1445191                    /usr/lib/jvm/java-11-openjdk-amd64/lib/server/libjvm.so
7f7d861fb000-7f7d86452000 r--p 00eff000 08:05 1445191                    /usr/lib/jvm/java-11-openjdk-amd64/lib/server/libjvm.so
7f7d86452000-7f7d86513000 r--p 01155000 08:05 1445191                    /usr/lib/jvm/java-11-openjdk-amd64/lib/server/libjvm.so
7f7d86513000-7f7d8654e000 rw-p 01216000 08:05 1445191                    /usr/lib/jvm/java-11-openjdk-amd64/lib/server/libjvm.so
7f7d8654e000-7f7d865a7000 rw-p 00000000 00:00 0 
7f7d865a7000-7f7d865ae000 r--p 00000000 08:05 1314376                    /usr/lib/x86_64-linux-gnu/libpthread-2.31.so
7f7d865ae000-7f7d865bf000 r-xp 00007000 08:05 1314376                    /usr/lib/x86_64-linux-gnu/libpthread-2.31.so
7f7d865bf000-7f7d865c4000 r--p 00018000 08:05 1314376                    /usr/lib/x86_64-linux-gnu/libpthread-2.31.so
7f7d865c4000-7f7d865c5000 r--p 0001c000 08:05 1314376                    /usr/lib/x86_64-linux-gnu/libpthread-2.31.so
7f7d865c5000-7f7d865c6000 rw-p 0001d000 08:05 1314376                    /usr/lib/x86_64-linux-gnu/libpthread-2.31.so
7f7d865c6000-7f7d865ca000 rw-p 00000000 00:00 0 
7f7d865ca000-7f7d865cb000 r--p 00000000 08:05 1314364                    /usr/lib/x86_64-linux-gnu/libdl-2.31.so
7f7d865cb000-7f7d865cd000 r-xp 00001000 08:05 1314364                    /usr/lib/x86_64-linux-gnu/libdl-2.31.so
7f7d865cd000-7f7d865ce000 r--p 00003000 08:05 1314364                    /usr/lib/x86_64-linux-gnu/libdl-2.31.so
7f7d865ce000-7f7d865cf000 r--p 00003000 08:05 1314364                    /usr/lib/x86_64-linux-gnu/libdl-2.31.so
7f7d865cf000-7f7d865d0000 rw-p 00004000 08:05 1314364                    /usr/lib/x86_64-linux-gnu/libdl-2.31.so
7f7d865d0000-7f7d865d2000 r--p 00000000 08:05 1319433                    /usr/lib/x86_64-linux-gnu/libz.so.1.2.11
7f7d865d2000-7f7d865e3000 r-xp 00002000 08:05 1319433                    /usr/lib/x86_64-linux-gnu/libz.so.1.2.11
7f7d865e3000-7f7d865e9000 r--p 00013000 08:05 1319433                    /usr/lib/x86_64-linux-gnu/libz.so.1.2.11
7f7d865e9000-7f7d865ea000 ---p 00019000 08:05 1319433                    /usr/lib/x86_64-linux-gnu/libz.so.1.2.11
7f7d865ea000-7f7d865eb000 r--p 00019000 08:05 1319433                    /usr/lib/x86_64-linux-gnu/libz.so.1.2.11
7f7d865eb000-7f7d865ec000 rw-p 0001a000 08:05 1319433                    /usr/lib/x86_64-linux-gnu/libz.so.1.2.11
7f7d865ec000-7f7d86611000 r--p 00000000 08:05 1314363                    /usr/lib/x86_64-linux-gnu/libc-2.31.so
7f7d86611000-7f7d86789000 r-xp 00025000 08:05 1314363                    /usr/lib/x86_64-linux-gnu/libc-2.31.so
7f7d86789000-7f7d867d3000 r--p 0019d000 08:05 1314363                    /usr/lib/x86_64-linux-gnu/libc-2.31.so
7f7d867d3000-7f7d867d4000 ---p 001e7000 08:05 1314363                    /usr/lib/x86_64-linux-gnu/libc-2.31.so
7f7d867d4000-7f7d867d7000 r--p 001e7000 08:05 1314363                    /usr/lib/x86_64-linux-gnu/libc-2.31.so
7f7d867d7000-7f7d867da000 rw-p 001ea000 08:05 1314363                    /usr/lib/x86_64-linux-gnu/libc-2.31.so
7f7d867da000-7f7d867de000 rw-p 00000000 00:00 0 
7f7d867de000-7f7d867df000 ---p 00000000 00:00 0 
7f7d867df000-7f7d867e0000 r--p 00000000 00:00 0 
7f7d867e0000-7f7d867e2000 r--p 00000000 08:05 1445170                    /usr/lib/jvm/java-11-openjdk-amd64/lib/libjimage.so
7f7d867e2000-7f7d867e5000 r-xp 00002000 08:05 1445170                    /usr/lib/jvm/java-11-openjdk-amd64/lib/libjimage.so
7f7d867e5000-7f7d867e6000 r--p 00005000 08:05 1445170                    /usr/lib/jvm/java-11-openjdk-amd64/lib/libjimage.so
7f7d867e6000-7f7d867e7000 ---p 00006000 08:05 1445170                    /usr/lib/jvm/java-11-openjdk-amd64/lib/libjimage.so
7f7d867e7000-7f7d867e8000 r--p 00006000 08:05 1445170                    /usr/lib/jvm/java-11-openjdk-amd64/lib/libjimage.so
7f7d867e8000-7f7d867e9000 rw-p 00007000 08:05 1445170                    /usr/lib/jvm/java-11-openjdk-amd64/lib/libjimage.so
7f7d867e9000-7f7d867ee000 r--p 00000000 08:05 1445186                    /usr/lib/jvm/java-11-openjdk-amd64/lib/libverify.so
7f7d867ee000-7f7d867f5000 r-xp 00005000 08:05 1445186                    /usr/lib/jvm/java-11-openjdk-amd64/lib/libverify.so
7f7d867f5000-7f7d867f7000 r--p 0000c000 08:05 1445186                    /usr/lib/jvm/java-11-openjdk-amd64/lib/libverify.so
7f7d867f7000-7f7d867f8000 ---p 0000e000 08:05 1445186                    /usr/lib/jvm/java-11-openjdk-amd64/lib/libverify.so
7f7d867f8000-7f7d867fa000 r--p 0000e000 08:05 1445186                    /usr/lib/jvm/java-11-openjdk-amd64/lib/libverify.so
7f7d867fa000-7f7d867fb000 rw-p 00010000 08:05 1445186                    /usr/lib/jvm/java-11-openjdk-amd64/lib/libverify.so
7f7d867fb000-7f7d867fe000 r--p 00000000 08:05 1445152                    /usr/lib/jvm/java-11-openjdk-amd64/lib/jli/libjli.so
7f7d867fe000-7f7d86808000 r-xp 00003000 08:05 1445152                    /usr/lib/jvm/java-11-openjdk-amd64/lib/jli/libjli.so
7f7d86808000-7f7d8680b000 r--p 0000d000 08:05 1445152                    /usr/lib/jvm/java-11-openjdk-amd64/lib/jli/libjli.so
7f7d8680b000-7f7d8680c000 ---p 00010000 08:05 1445152                    /usr/lib/jvm/java-11-openjdk-amd64/lib/jli/libjli.so
7f7d8680c000-7f7d8680d000 r--p 00010000 08:05 1445152                    /usr/lib/jvm/java-11-openjdk-amd64/lib/jli/libjli.so
7f7d8680d000-7f7d8680e000 rw-p 00011000 08:05 1445152                    /usr/lib/jvm/java-11-openjdk-amd64/lib/jli/libjli.so
7f7d8680e000-7f7d86810000 rw-p 00000000 00:00 0 
7f7d86810000-7f7d86811000 r--p 00000000 08:05 1314326                    /usr/lib/x86_64-linux-gnu/ld-2.31.so
7f7d86811000-7f7d86834000 r-xp 00001000 08:05 1314326                    /usr/lib/x86_64-linux-gnu/ld-2.31.so
7f7d86834000-7f7d8683c000 r--p 00024000 08:05 1314326                    /usr/lib/x86_64-linux-gnu/ld-2.31.so
7f7d8683d000-7f7d8683e000 r--p 0002c000 08:05 1314326                    /usr/lib/x86_64-linux-gnu/ld-2.31.so
7f7d8683e000-7f7d8683f000 rw-p 0002d000 08:05 1314326                    /usr/lib/x86_64-linux-gnu/ld-2.31.so
7f7d8683f000-7f7d86840000 rw-p 00000000 00:00 0 
7ffd332ab000-7ffd332cc000 rw-p 00000000 00:00 0                          [stack]
7ffd3334a000-7ffd3334d000 r--p 00000000 00:00 0                          [vvar]
7ffd3334d000-7ffd3334e000 r-xp 00000000 00:00 0                          [vdso]
ffffffffff600000-ffffffffff601000 --xp 00000000 00:00 0                  [vsyscall]


VM Arguments:
jvm_args: -agentlib:jdwp=transport=dt_socket,suspend=y,address=localhost:41257 -javaagent:/home/pelodan/eclipse/java-2021-09/eclipse/configuration/org.eclipse.osgi/217/0/.cp/lib/javaagent-shaded.jar -Dfile.encoding=UTF-8 --module-path=/home/pelodan/eclipse-workspace/geradorSenhaAleatória/bin -Djdk.module.main=geradorSenhaAleatória 
java_command: geradorSenhaAleatória/br.com.pelodan.senha.interfacegrafica.Main
java_class_path (initial): <not set>
Launcher Type: SUN_STANDARD

[Global flags]
     intx CICompilerCount                          = 3                                         {product} {ergonomic}
     uint ConcGCThreads                            = 1                                         {product} {ergonomic}
     uint G1ConcRefinementThreads                  = 4                                         {product} {ergonomic}
   size_t G1HeapRegionSize                         = 1048576                                   {product} {ergonomic}
    uintx GCDrainStackTargetSize                   = 64                                        {product} {ergonomic}
   size_t InitialHeapSize                          = 62914560                                  {product} {ergonomic}
   size_t MarkStackSize                            = 4194304                                   {product} {ergonomic}
   size_t MaxHeapSize                              = 979369984                                 {product} {ergonomic}
   size_t MaxNewSize                               = 587202560                                 {product} {ergonomic}
   size_t MinHeapDeltaBytes                        = 1048576                                   {product} {ergonomic}
    uintx NonNMethodCodeHeapSize                   = 5830732                                {pd product} {ergonomic}
    uintx NonProfiledCodeHeapSize                  = 122913754                              {pd product} {ergonomic}
    uintx ProfiledCodeHeapSize                     = 122913754                              {pd product} {ergonomic}
    uintx ReservedCodeCacheSize                    = 251658240                              {pd product} {ergonomic}
     bool SegmentedCodeCache                       = true                                      {product} {ergonomic}
     bool UseCompressedClassPointers               = true                                 {lp64_product} {ergonomic}
     bool UseCompressedOops                        = true                                 {lp64_product} {ergonomic}
     bool UseG1GC                                  = true                                      {product} {ergonomic}

Logging:
